max: 100x12 + 100x13 + 100x14 - 5y1 - 10y2;

- 1 <= x12 <= 1;
- 1 <= x13 <= 1;
- 3 <= x14 <= 3;
- 5 <= x23 <= 5;
- 2 <= x25 <= 2;
- 4 <= x36 <= 4;
- 3 <= x45 <= 3;
- 1 <= x46 <= 1;
- 3 <= x57 <= 3;
- 1 <= x67 <= 1;

x12 = x23 + x25 + 0;
x13 + x23 = x36 + 0;
x14 = x45 + x46 + 0;
x25 + x45 = x57 + 0;
x36 + x46 = x67 + 0;

t12 >= x12;
t12 >= -x12;
t13 >= x13;
t13 >= -x13;
t14 >= x14;
t14 >= -x14;
t23 >= x23;
t23 >= -x23;
t25 >= x25;
t25 >= -x25;
t36 >= x36;
t36 >= -x36;
t45 >= x45;
t45 >= -x45;
t46 >= x46;
t46 >= -x46;
t57 >= x57;
t57 >= -x57;
t67 >= x67;
t67 >= -x67;

1t12 + 3t13 + 0t14 + 2t23 + 2t25 + 3t36 + 0t45 + 2t46 + 0t57 + 1t67 <= 0y1 + 2y2;
5t12 + 4t13 + 5t14 + 1t23 + 3t25 + 2t36 + 3t45 + 2t46 + 4t57 + 1t67 <= 4y1 + 2y2;
2t12 + 1t13 + 5t14 + 3t23 + 1t25 + 2t36 + 3t45 + 1t46 + 4t57 + 1t67 <= 4y1 + 2y2;

t12 >= 0;
t13 >= 0;
t14 >= 0;
t23 >= 0;
t25 >= 0;
t36 >= 0;
t45 >= 0;
t46 >= 0;
t57 >= 0;
t67 >= 0;
y1 >= 0;
y2 >= 0;
