max: 100x12 + 100x13 - 10y1 - 20y2;

- 5 <= x12 <= 5;
- 2 <= x13 <= 2;
- 5 <= x23 <= 5;
- 2 <= x24 <= 2;
- 5 <= x34 <= 5;

x12 = x23 + x24 + 0;
x13 + x23 = x34 + 0;

t12 >= x12;
t12 >= -x12;
t13 >= x13;
t13 >= -x13;
t23 >= x23;
t23 >= -x23;
t24 >= x24;
t24 >= -x24;
t34 >= x34;
t34 >= -x34;

1t12 + 2t13 + 1t23 + 2t24 + 3t34 <= 4y1 + 5y2;
1t12 + 2t13 + 2t23 + 1t24 + 4t34 <= 2y1 + 2y2;
5t12 + 0t13 + 0t23 + 0t24 + 6t34 <= 0y1 + 1y2;

t12 >= 0;
t13 >= 0;
t23 >= 0;
t24 >= 0;
t34 >= 0;
y1 >= 0;
y2 >= 0;
